<?xml version="1.0" encoding="UTF-8"?>
<!-- Generated by org.testng.reporters.JUnitReportReporter -->
<testsuite skipped="0" hostname="amritp-w8" name="com.inetbanking.testcases.TC_LoginPage_001" tests="1" failures="0" timestamp="19 Jun 2020 12:11:28 GMT" time="25.029" errors="0">
  <testcase name="logintest" time="25.029" classname="com.inetbanking.testcases.TC_LoginPage_001"/>
</testsuite> <!-- com.inetbanking.testcases.TC_LoginPage_001 -->
