<?xml version="1.0" encoding="UTF-8"?>
<!-- Generated by org.testng.reporters.JUnitReportReporter -->
<testsuite skipped="0" hostname="amritp-w8" name="com.inetbanking.testcases.TC_LoginDDT_002" tests="3" failures="0" timestamp="11 Jun 2020 09:24:54 GMT" time="21.987" errors="0">
  <testcase name="loginDDT" time="4.956" classname="com.inetbanking.testcases.TC_LoginDDT_002"/>
  <testcase name="loginDDT" time="11.361" classname="com.inetbanking.testcases.TC_LoginDDT_002"/>
  <testcase name="loginDDT" time="5.670" classname="com.inetbanking.testcases.TC_LoginDDT_002"/>
</testsuite> <!-- com.inetbanking.testcases.TC_LoginDDT_002 -->
